 Container redash-redis Running 
 Container redash-postgres Running 
 Container intern_capstone_project-redash_server-run-0d7aa075729f Creating 
 Container intern_capstone_project-redash_server-run-0d7aa075729f Created 
[2026-06-23 07:34:23,322][PID:1][INFO][alembic.runtime.migration] Context impl PostgresqlImpl.
[2026-06-23 07:34:23,322][PID:1][INFO][alembic.runtime.migration] Will assume transactional DDL.
[2026-06-23 07:34:23,335][PID:1][INFO][alembic.runtime.migration] Running upgrade  -> 65fc9ede4746, Add is_draft status to queries and dashboards
Traceback (most recent call last):
  File "/usr/local/lib/python3.7/site-packages/sqlalchemy/engine/base.py", line 1249, in _execute_context
    cursor, statement, parameters, context
  File "/usr/local/lib/python3.7/site-packages/sqlalchemy/engine/default.py", line 580, in do_execute
    cursor.execute(statement, parameters)
psycopg2.errors.InFailedSqlTransaction: current transaction is aborted, commands ignored until end of transaction block


The above exception was the direct cause of the following exception:

Traceback (most recent call last):
  File "/app/manage.py", line 9, in <module>
    manager()
  File "/usr/local/lib/python3.7/site-packages/click/core.py", line 722, in __call__
    return self.main(*args, **kwargs)
  File "/usr/local/lib/python3.7/site-packages/flask/cli.py", line 586, in main
    return super(FlaskGroup, self).main(*args, **kwargs)
  File "/usr/local/lib/python3.7/site-packages/click/core.py", line 697, in main
    rv = self.invoke(ctx)
  File "/usr/local/lib/python3.7/site-packages/click/core.py", line 1066, in invoke
    return _process_result(sub_ctx.command.invoke(sub_ctx))
  File "/usr/local/lib/python3.7/site-packages/click/core.py", line 1066, in invoke
    return _process_result(sub_ctx.command.invoke(sub_ctx))
  File "/usr/local/lib/python3.7/site-packages/click/core.py", line 895, in invoke
    return ctx.invoke(self.callback, **ctx.params)
  File "/usr/local/lib/python3.7/site-packages/click/core.py", line 535, in invoke
    return callback(*args, **kwargs)
  File "/usr/local/lib/python3.7/site-packages/click/decorators.py", line 17, in new_func
    return f(get_current_context(), *args, **kwargs)
  File "/usr/local/lib/python3.7/site-packages/flask/cli.py", line 426, in decorator
    return __ctx.invoke(f, *args, **kwargs)
  File "/usr/local/lib/python3.7/site-packages/click/core.py", line 535, in invoke
    return callback(*args, **kwargs)
  File "/usr/local/lib/python3.7/site-packages/flask_migrate/cli.py", line 134, in upgrade
    _upgrade(directory, revision, sql, tag, x_arg)
  File "/usr/local/lib/python3.7/site-packages/flask_migrate/__init__.py", line 95, in wrapped
    f(*args, **kwargs)
  File "/usr/local/lib/python3.7/site-packages/flask_migrate/__init__.py", line 280, in upgrade
    command.upgrade(config, revision, sql=sql, tag=tag)
  File "/usr/local/lib/python3.7/site-packages/alembic/command.py", line 320, in upgrade
    script.run_env()
  File "/usr/local/lib/python3.7/site-packages/alembic/script/base.py", line 563, in run_env
    util.load_python_file(self.dir, "env.py")
  File "/usr/local/lib/python3.7/site-packages/alembic/util/pyfiles.py", line 92, in load_python_file
    module = load_module_py(module_id, path)
  File "/usr/local/lib/python3.7/site-packages/alembic/util/pyfiles.py", line 108, in load_module_py
    spec.loader.exec_module(module)  # type: ignore
  File "<frozen importlib._bootstrap_external>", line 728, in exec_module
  File "<frozen importlib._bootstrap>", line 219, in _call_with_frames_removed
  File "migrations/env.py", line 93, in <module>
    run_migrations_online()
  File "migrations/env.py", line 85, in run_migrations_online
    context.run_migrations()
  File "<string>", line 8, in run_migrations
  File "/usr/local/lib/python3.7/site-packages/alembic/runtime/environment.py", line 851, in run_migrations
    self.get_context().run_migrations(**kw)
  File "/usr/local/lib/python3.7/site-packages/alembic/runtime/migration.py", line 627, in run_migrations
    head_maintainer.update_to_step(step)
  File "/usr/local/lib/python3.7/site-packages/alembic/runtime/migration.py", line 816, in update_to_step
    self._insert_version(vers)
  File "/usr/local/lib/python3.7/site-packages/alembic/runtime/migration.py", line 758, in _insert_version
    version_num=literal_column("'%s'" % version)
  File "/usr/local/lib/python3.7/site-packages/alembic/ddl/impl.py", line 197, in _exec
    return conn.execute(construct, multiparams)
  File "/usr/local/lib/python3.7/site-packages/sqlalchemy/engine/base.py", line 988, in execute
    return meth(self, multiparams, params)
  File "/usr/local/lib/python3.7/site-packages/sqlalchemy/sql/elements.py", line 287, in _execute_on_connection
    return connection._execute_clauseelement(self, multiparams, params)
  File "/usr/local/lib/python3.7/site-packages/sqlalchemy/engine/base.py", line 1107, in _execute_clauseelement
    distilled_params,
  File "/usr/local/lib/python3.7/site-packages/sqlalchemy/engine/base.py", line 1253, in _execute_context
    e, statement, parameters, cursor, context
  File "/usr/local/lib/python3.7/site-packages/sqlalchemy/engine/base.py", line 1473, in _handle_dbapi_exception
    util.raise_from_cause(sqlalchemy_exception, exc_info)
  File "/usr/local/lib/python3.7/site-packages/sqlalchemy/util/compat.py", line 398, in raise_from_cause
    reraise(type(exception), exception, tb=exc_tb, cause=cause)
  File "/usr/local/lib/python3.7/site-packages/sqlalchemy/util/compat.py", line 152, in reraise
    raise value.with_traceback(tb)
  File "/usr/local/lib/python3.7/site-packages/sqlalchemy/engine/base.py", line 1249, in _execute_context
    cursor, statement, parameters, context
  File "/usr/local/lib/python3.7/site-packages/sqlalchemy/engine/default.py", line 580, in do_execute
    cursor.execute(statement, parameters)
sqlalchemy.exc.InternalError: (psycopg2.errors.InFailedSqlTransaction) current transaction is aborted, commands ignored until end of transaction block

[SQL: INSERT INTO alembic_version (version_num) VALUES ('65fc9ede4746') RETURNING alembic_version.version_num]
(Background on this error at: http://sqlalche.me/e/2j85)

